{"name":"product","id":"Automation.features.MainPage:product","testCaseName":"Automation.features.MainPage","userStory":{"id":"Automation.features.MainPage","storyName":"Main page","storyClassName":"Automation.features.MainPage","path":"Automation.features","type":"story"},"featureTag":{"name":"Features/Main page","type":"story","displayName":"Features/Main page"},"title":"Product","tags":[{"name":"Features/Main page","type":"story","displayName":"Features/Main page"}],"startTime":"2020-02-03T22:23:48.295+05:30[Asia/Calcutta]","duration":5435,"testFailureCause":{"errorType":"net.thucydides.core.webdriver.exceptions.ElementShouldBeEnabledException","message":"Expected enabled element was not enabled","stackTrace":[{"declaringClass":"Automation.tasks.navigatingUser","methodName":"addsProduct","fileName":"navigatingUser.java","lineNumber":48},{"declaringClass":"Automation.tasks.user","methodName":"addsProductsInTheCart","fileName":"user.java","lineNumber":39},{"declaringClass":"Automation.features.MainPage","methodName":"product","fileName":"MainPage.java","lineNumber":37},{"declaringClass":"org.eclipse.jdt.internal.junit4.runner.JUnit4TestReference","methodName":"run","fileName":"JUnit4TestReference.java","lineNumber":89},{"declaringClass":"org.eclipse.jdt.internal.junit.runner.TestExecution","methodName":"run","fileName":"TestExecution.java","lineNumber":41},{"declaringClass":"org.eclipse.jdt.internal.junit.runner.RemoteTestRunner","methodName":"runTests","fileName":"RemoteTestRunner.java","lineNumber":542},{"declaringClass":"org.eclipse.jdt.internal.junit.runner.RemoteTestRunner","methodName":"runTests","fileName":"RemoteTestRunner.java","lineNumber":770},{"declaringClass":"org.eclipse.jdt.internal.junit.runner.RemoteTestRunner","methodName":"run","fileName":"RemoteTestRunner.java","lineNumber":464},{"declaringClass":"org.eclipse.jdt.internal.junit.runner.RemoteTestRunner","methodName":"main","fileName":"RemoteTestRunner.java","lineNumber":210}],"rootCause":{"errorType":"org.openqa.selenium.TimeoutException","message":"Expected condition failed: waiting for By.xpath: //li[@class\u003d\u0027clearfix\u0027]//a[@class\u003d\u0027product-name\u0027][contains(text(),\u0027Blouse\u0027)] to be enabled (tried for 5 second(s) with 100 milliseconds interval)","stackTrace":[{"declaringClass":"Automation.tasks.navigatingUser","methodName":"addsProduct","fileName":"navigatingUser.java","lineNumber":48},{"declaringClass":"Automation.tasks.user","methodName":"addsProductsInTheCart","fileName":"user.java","lineNumber":39},{"declaringClass":"Automation.features.MainPage","methodName":"product","fileName":"MainPage.java","lineNumber":37},{"declaringClass":"org.eclipse.jdt.internal.junit4.runner.JUnit4TestReference","methodName":"run","fileName":"JUnit4TestReference.java","lineNumber":89},{"declaringClass":"org.eclipse.jdt.internal.junit.runner.TestExecution","methodName":"run","fileName":"TestExecution.java","lineNumber":41},{"declaringClass":"org.eclipse.jdt.internal.junit.runner.RemoteTestRunner","methodName":"runTests","fileName":"RemoteTestRunner.java","lineNumber":542},{"declaringClass":"org.eclipse.jdt.internal.junit.runner.RemoteTestRunner","methodName":"runTests","fileName":"RemoteTestRunner.java","lineNumber":770},{"declaringClass":"org.eclipse.jdt.internal.junit.runner.RemoteTestRunner","methodName":"run","fileName":"RemoteTestRunner.java","lineNumber":464},{"declaringClass":"org.eclipse.jdt.internal.junit.runner.RemoteTestRunner","methodName":"main","fileName":"RemoteTestRunner.java","lineNumber":210}],"rootCause":{"errorType":"org.openqa.selenium.NoSuchElementException","message":"no such element: Unable to locate element: {\"method\":\"xpath\",\"selector\":\"//li[@class\u003d\u0027clearfix\u0027]//a[@class\u003d\u0027product-name\u0027][contains(text(),\u0027Blouse\u0027)]\"}\n  (Session info: chrome\u003d79.0.3945.130)\nFor documentation on this error, please visit: https://www.seleniumhq.org/exceptions/no_such_element.html\nBuild info: version: \u00273.141.59\u0027, revision: \u0027e82be7d358\u0027, time: \u00272018-11-14T08:17:03\u0027\nSystem info: host: \u0027DELL\u0027, ip: \u0027192.168.0.117\u0027, os.name: \u0027Windows 10\u0027, os.arch: \u0027amd64\u0027, os.version: \u002710.0\u0027, java.version: \u00271.8.0_241\u0027\nDriver info: org.openqa.selenium.chrome.ChromeDriver\nCapabilities {acceptInsecureCerts: false, browserName: chrome, browserVersion: 79.0.3945.130, chrome: {chromedriverVersion: 79.0.3945.36 (3582db32b3389..., userDataDir: C:\\Users\\DELL35~1\\AppData\\L...}, goog:chromeOptions: {debuggerAddress: localhost:52176}, javascriptEnabled: true, networkConnectionEnabled: false, pageLoadStrategy: normal, platform: WINDOWS, platformName: WINDOWS, proxy: Proxy(), setWindowRect: true, strictFileInteractability: false, timeouts: {implicit: 0, pageLoad: 300000, script: 30000}, unhandledPromptBehavior: dismiss and notify}\nSession ID: 1d161cdd6cbb6e8844c279310172f263\n*** Element info: {Using\u003dxpath, value\u003d//li[@class\u003d\u0027clearfix\u0027]//a[@class\u003d\u0027product-name\u0027][contains(text(),\u0027Blouse\u0027)]}","stackTrace":[{"declaringClass":"Automation.tasks.navigatingUser","methodName":"addsProduct","fileName":"navigatingUser.java","lineNumber":48},{"declaringClass":"Automation.tasks.user","methodName":"addsProductsInTheCart","fileName":"user.java","lineNumber":39},{"declaringClass":"Automation.features.MainPage","methodName":"product","fileName":"MainPage.java","lineNumber":37},{"declaringClass":"org.eclipse.jdt.internal.junit4.runner.JUnit4TestReference","methodName":"run","fileName":"JUnit4TestReference.java","lineNumber":89},{"declaringClass":"org.eclipse.jdt.internal.junit.runner.TestExecution","methodName":"run","fileName":"TestExecution.java","lineNumber":41},{"declaringClass":"org.eclipse.jdt.internal.junit.runner.RemoteTestRunner","methodName":"runTests","fileName":"RemoteTestRunner.java","lineNumber":542},{"declaringClass":"org.eclipse.jdt.internal.junit.runner.RemoteTestRunner","methodName":"runTests","fileName":"RemoteTestRunner.java","lineNumber":770},{"declaringClass":"org.eclipse.jdt.internal.junit.runner.RemoteTestRunner","methodName":"run","fileName":"RemoteTestRunner.java","lineNumber":464},{"declaringClass":"org.eclipse.jdt.internal.junit.runner.RemoteTestRunner","methodName":"main","fileName":"RemoteTestRunner.java","lineNumber":210}]}}},"testFailureClassname":"net.thucydides.core.webdriver.exceptions.ElementShouldBeEnabledException","testFailureMessage":"Expected enabled element was not enabled","testFailureSummary":"FAILURE;net.thucydides.core.webdriver.exceptions.ElementShouldBeEnabledException;Expected enabled element was not enabled;navigatingUser.java","projectKey":"","annotatedResult":"FAILURE","sessionId":"1d161cdd6cbb6e8844c279310172f263","driver":"chrome","isManualTestingUpToDate":false,"manual":false,"testSource":"JUnit","result":"FAILURE"}